<?xml version="1.0" encoding="UTF-8"?>
<!-- Generated by org.testng.reporters.JUnitReportReporter -->
<testsuite skipped="1" hostname="akundu18" name="TestCases.CreateAccountTest" tests="3" failures="0" timestamp="18 Oct 2019 12:42:10 GMT" time="77.024" errors="0">
  <testcase name="createAccountTest" time="27.976" classname="TestCases.CreateAccountTest"/>
  <testcase name="createAccountTest" time="0.000" classname="TestCases.CreateAccountTest">
    <skipped/>
  </testcase> <!-- createAccountTest -->
  <testcase name="createAccountTest" time="49.048" classname="TestCases.CreateAccountTest"/>
</testsuite> <!-- TestCases.CreateAccountTest -->
