<?xml version="1.0" encoding="UTF-8"?>
<!-- Generated by org.testng.reporters.JUnitReportReporter -->
<testsuite skipped="2" hostname="akundu18" name="TestCases.SignInTest" tests="2" failures="0" timestamp="18 Oct 2019 12:42:10 GMT" time="0.010" errors="0">
  <testcase name="signInTest" time="0.007" classname="TestCases.SignInTest">
    <skipped/>
  </testcase> <!-- signInTest -->
  <testcase name="signInTest" time="0.003" classname="TestCases.SignInTest">
    <skipped/>
  </testcase> <!-- signInTest -->
</testsuite> <!-- TestCases.SignInTest -->
