<?xml version="1.0" encoding="UTF-8"?>
<!-- Generated by org.testng.reporters.JUnitReportReporter -->
<testsuite skipped="2" hostname="akundu18" name="TestCases.SignInTest" tests="2" failures="0" timestamp="18 Aug 2019 04:48:02 GMT" time="0.001" errors="0">
  <testcase name="signInTest" time="0.001" classname="TestCases.SignInTest">
    <skipped/>
  </testcase> <!-- signInTest -->
  <testcase name="signInTest" time="0.000" classname="TestCases.SignInTest">
    <skipped/>
  </testcase> <!-- signInTest -->
</testsuite> <!-- TestCases.SignInTest -->
